<?xml version="1.0" encoding="UTF-8"?>
<!-- Generated by org.testng.reporters.JUnitXMLReporter -->
<testsuite hostname="DESKTOP-U7QIFE3" ignored="0" name="Command line test" tests="4" failures="3" timestamp="13 Feb 2019 23:41:07 GMT" time="4.594" errors="0">
  <testcase name="validateHomePage" time="0.156" classname="com.backbase.computerdb.test.ComputerDataBaseTest"/>
  <testcase name="createComputer" time="0.0" classname="com.backbase.computerdb.test.ComputerDataBaseTest">
    <failure type="org.testng.TestNGException" message="
Parameter &amp;apos;computerName&amp;apos; is required by @Test on method createComputer but has not been marked @Optional or defined
">
      <![CDATA[org.testng.TestNGException: 
Parameter 'computerName' is required by @Test on method createComputer but has not been marked @Optional or defined

... Removed 33 stack frames]]>
    </failure>
  </testcase> <!-- createComputer -->
  <testcase name="editComputer" time="0.0" classname="com.backbase.computerdb.test.ComputerDataBaseTest">
    <failure type="org.testng.TestNGException" message="
Parameter &amp;apos;computerName&amp;apos; is required by @Test on method editComputer but has not been marked @Optional or defined
">
      <![CDATA[org.testng.TestNGException: 
Parameter 'computerName' is required by @Test on method editComputer but has not been marked @Optional or defined

... Removed 33 stack frames]]>
    </failure>
  </testcase> <!-- editComputer -->
  <testcase name="deleteTest" time="0.0" classname="com.backbase.computerdb.test.ComputerDataBaseTest">
    <failure type="org.testng.TestNGException" message="
Parameter &amp;apos;updatedComputerName&amp;apos; is required by @Test on method deleteTest but has not been marked @Optional or defined
">
      <![CDATA[org.testng.TestNGException: 
Parameter 'updatedComputerName' is required by @Test on method deleteTest but has not been marked @Optional or defined

... Removed 33 stack frames]]>
    </failure>
  </testcase> <!-- deleteTest -->
</testsuite> <!-- Command line test -->
